c:\users\david\projects\2drenderer\2drenderer\x64\release\vc140.pdb
c:\users\david\projects\2drenderer\2drenderer\x64\release\window.obj
c:\users\david\projects\2drenderer\2drenderer\x64\release\transformcomponent.obj
c:\users\david\projects\2drenderer\2drenderer\x64\release\texturedspritecomponent.obj
c:\users\david\projects\2drenderer\2drenderer\x64\release\coloredspritecomponent.obj
c:\users\david\projects\2drenderer\2drenderer\x64\release\main.obj
c:\users\david\projects\2drenderer\2drenderer\x64\release\graphicsystem.obj
c:\users\david\projects\2drenderer\2drenderer\x64\release\animatedspritecomponent.obj
c:\users\david\projects\2drenderer\2drenderer\x64\release\program.obj
c:\users\david\projects\2drenderer\2drenderer\x64\release\renderer.obj
c:\users\david\projects\2drenderer\2drenderer\x64\release\postprocessor.obj
c:\users\david\projects\2drenderer\2drenderer\x64\release\copypostprocessor.obj
c:\users\david\projects\2drenderer\x64\release\2drenderer.exe
c:\users\david\projects\2drenderer\x64\release\2drenderer.ipdb
c:\users\david\projects\2drenderer\x64\release\2drenderer.iobj
c:\users\david\projects\2drenderer\x64\release\2drenderer.pdb
c:\users\david\projects\2drenderer\2drenderer\x64\release\2drenderer.tlog\cl.command.1.tlog
c:\users\david\projects\2drenderer\2drenderer\x64\release\2drenderer.tlog\cl.read.1.tlog
c:\users\david\projects\2drenderer\2drenderer\x64\release\2drenderer.tlog\cl.write.1.tlog
c:\users\david\projects\2drenderer\2drenderer\x64\release\2drenderer.tlog\link.command.1.tlog
c:\users\david\projects\2drenderer\2drenderer\x64\release\2drenderer.tlog\link.read.1.tlog
c:\users\david\projects\2drenderer\2drenderer\x64\release\2drenderer.tlog\link.write.1.tlog
